18:04:20,681 ERROR main SchemaExport:perform:425 - HHH000389: Unsuccessful: alter table user_roles drop constraint FK_5q4rc4fh1on6567qk69uesvyf
18:04:20,685 ERROR main SchemaExport:perform:426 - user lacks privilege or object not found: PUBLIC.USER_ROLES
18:04:20,685 ERROR main SchemaExport:perform:425 - HHH000389: Unsuccessful: alter table user_roles drop constraint FK_g1uebn6mqk9qiaw45vnacmyo2
18:04:20,686 ERROR main SchemaExport:perform:426 - user lacks privilege or object not found: PUBLIC.USER_ROLES
18:04:20,860  WARN main EntityManagerFactoryRegistry:addEntityManagerFactory:80 - HHH000436: Entity manager factory name (portalPersistanceUnit) is already registered.  If entity manager will be clustered or passivated, specify a unique value for property 'hibernate.ejb.entitymanager_factory_name'
18:09:29,745 ERROR main SchemaExport:perform:425 - HHH000389: Unsuccessful: alter table user_roles drop constraint FK_5q4rc4fh1on6567qk69uesvyf
18:09:29,752 ERROR main SchemaExport:perform:426 - user lacks privilege or object not found: PUBLIC.USER_ROLES
18:09:29,754 ERROR main SchemaExport:perform:425 - HHH000389: Unsuccessful: alter table user_roles drop constraint FK_g1uebn6mqk9qiaw45vnacmyo2
18:09:29,755 ERROR main SchemaExport:perform:426 - user lacks privilege or object not found: PUBLIC.USER_ROLES
18:09:30,025  WARN main EntityManagerFactoryRegistry:addEntityManagerFactory:80 - HHH000436: Entity manager factory name (portalPersistanceUnit) is already registered.  If entity manager will be clustered or passivated, specify a unique value for property 'hibernate.ejb.entitymanager_factory_name'
18:12:48,846  WARN main AnnotationConfigWebApplicationContext:refresh:487 - Exception encountered during context initialization - cancelling refresh attempt
org.springframework.beans.factory.BeanCreationException: Error creating bean with name 'entityManagerFactory' defined in class path resource [ru/portal/config/JpaAppConfig.class]: Instantiation of bean failed; nested exception is org.springframework.beans.factory.BeanDefinitionStoreException: Factory method [public org.springframework.orm.jpa.LocalContainerEntityManagerFactoryBean ru.portal.config.JpaAppConfig.entityManagerFactory()] threw exception; nested exception is org.springframework.beans.factory.BeanCreationException: Error creating bean with name 'dataSource' defined in class path resource [ru/portal/config/JpaAppConfig.class]: Instantiation of bean failed; nested exception is org.springframework.beans.factory.BeanDefinitionStoreException: Factory method [public javax.sql.DataSource ru.portal.config.JpaAppConfig.dataSource()] threw exception; nested exception is org.springframework.jdbc.datasource.init.ScriptStatementFailedException: Failed to execute SQL script statement at line 1 of resource class path resource [insert-data.sql]: INSERT INTO Users (enabled, login, password) VALUES (true, 'admin', 'admin'); nested exception is java.sql.SQLSyntaxErrorException: user lacks privilege or object not found: USERS
	at org.springframework.beans.factory.support.ConstructorResolver.instantiateUsingFactoryMethod(ConstructorResolver.java:601)
	at org.springframework.beans.factory.support.AbstractAutowireCapableBeanFactory.instantiateUsingFactoryMethod(AbstractAutowireCapableBeanFactory.java:1113)
	at org.springframework.beans.factory.support.AbstractAutowireCapableBeanFactory.createBeanInstance(AbstractAutowireCapableBeanFactory.java:1008)
	at org.springframework.beans.factory.support.AbstractAutowireCapableBeanFactory.doCreateBean(AbstractAutowireCapableBeanFactory.java:505)
	at org.springframework.beans.factory.support.AbstractAutowireCapableBeanFactory.createBean(AbstractAutowireCapableBeanFactory.java:476)
	at org.springframework.beans.factory.support.AbstractBeanFactory$1.getObject(AbstractBeanFactory.java:302)
	at org.springframework.beans.factory.support.DefaultSingletonBeanRegistry.getSingleton(DefaultSingletonBeanRegistry.java:229)
	at org.springframework.beans.factory.support.AbstractBeanFactory.doGetBean(AbstractBeanFactory.java:298)
	at org.springframework.beans.factory.support.AbstractBeanFactory.getBean(AbstractBeanFactory.java:193)
	at org.springframework.context.support.AbstractApplicationContext.getBean(AbstractApplicationContext.java:956)
	at org.springframework.context.support.AbstractApplicationContext.finishBeanFactoryInitialization(AbstractApplicationContext.java:747)
	at org.springframework.context.support.AbstractApplicationContext.refresh(AbstractApplicationContext.java:480)
	at org.springframework.web.context.ContextLoader.configureAndRefreshWebApplicationContext(ContextLoader.java:403)
	at org.springframework.web.context.ContextLoader.initWebApplicationContext(ContextLoader.java:306)
	at org.springframework.web.context.ContextLoaderListener.contextInitialized(ContextLoaderListener.java:106)
	at org.eclipse.jetty.server.handler.ContextHandler.callContextInitialized(ContextHandler.java:798)
	at org.eclipse.jetty.servlet.ServletContextHandler.callContextInitialized(ServletContextHandler.java:530)
	at org.eclipse.jetty.server.handler.ContextHandler.startContext(ContextHandler.java:771)
	at org.eclipse.jetty.servlet.ServletContextHandler.startContext(ServletContextHandler.java:342)
	at org.eclipse.jetty.webapp.WebAppContext.startWebapp(WebAppContext.java:1368)
	at org.eclipse.jetty.maven.plugin.JettyWebAppContext.startWebapp(JettyWebAppContext.java:320)
	at org.eclipse.jetty.webapp.WebAppContext.startContext(WebAppContext.java:1335)
	at org.eclipse.jetty.server.handler.ContextHandler.doStart(ContextHandler.java:735)
	at org.eclipse.jetty.servlet.ServletContextHandler.doStart(ServletContextHandler.java:259)
	at org.eclipse.jetty.webapp.WebAppContext.doStart(WebAppContext.java:511)
	at org.eclipse.jetty.maven.plugin.JettyWebAppContext.doStart(JettyWebAppContext.java:403)
	at org.eclipse.jetty.util.component.AbstractLifeCycle.start(AbstractLifeCycle.java:68)
	at org.eclipse.jetty.util.component.ContainerLifeCycle.start(ContainerLifeCycle.java:132)
	at org.eclipse.jetty.util.component.ContainerLifeCycle.doStart(ContainerLifeCycle.java:114)
	at org.eclipse.jetty.server.handler.AbstractHandler.doStart(AbstractHandler.java:61)
	at org.eclipse.jetty.server.handler.ContextHandlerCollection.doStart(ContextHandlerCollection.java:161)
	at org.eclipse.jetty.util.component.AbstractLifeCycle.start(AbstractLifeCycle.java:68)
	at org.eclipse.jetty.util.component.ContainerLifeCycle.start(ContainerLifeCycle.java:132)
	at org.eclipse.jetty.util.component.ContainerLifeCycle.doStart(ContainerLifeCycle.java:114)
	at org.eclipse.jetty.server.handler.AbstractHandler.doStart(AbstractHandler.java:61)
	at org.eclipse.jetty.util.component.AbstractLifeCycle.start(AbstractLifeCycle.java:68)
	at org.eclipse.jetty.util.component.ContainerLifeCycle.start(ContainerLifeCycle.java:132)
	at org.eclipse.jetty.server.Server.start(Server.java:405)
	at org.eclipse.jetty.util.component.ContainerLifeCycle.doStart(ContainerLifeCycle.java:106)
	at org.eclipse.jetty.server.handler.AbstractHandler.doStart(AbstractHandler.java:61)
	at org.eclipse.jetty.server.Server.doStart(Server.java:372)
	at org.eclipse.jetty.util.component.AbstractLifeCycle.start(AbstractLifeCycle.java:68)
	at org.eclipse.jetty.maven.plugin.AbstractJettyMojo.startJetty(AbstractJettyMojo.java:457)
	at org.eclipse.jetty.maven.plugin.AbstractJettyMojo.execute(AbstractJettyMojo.java:328)
	at org.eclipse.jetty.maven.plugin.JettyRunWarExplodedMojo.execute(JettyRunWarExplodedMojo.java:69)
	at org.apache.maven.plugin.DefaultBuildPluginManager.executeMojo(DefaultBuildPluginManager.java:101)
	at org.apache.maven.lifecycle.internal.MojoExecutor.execute(MojoExecutor.java:209)
	at org.apache.maven.lifecycle.internal.MojoExecutor.execute(MojoExecutor.java:153)
	at org.apache.maven.lifecycle.internal.MojoExecutor.execute(MojoExecutor.java:145)
	at org.apache.maven.lifecycle.internal.LifecycleModuleBuilder.buildProject(LifecycleModuleBuilder.java:84)
	at org.apache.maven.lifecycle.internal.LifecycleModuleBuilder.buildProject(LifecycleModuleBuilder.java:59)
	at org.apache.maven.lifecycle.internal.LifecycleStarter.singleThreadedBuild(LifecycleStarter.java:183)
	at org.apache.maven.lifecycle.internal.LifecycleStarter.execute(LifecycleStarter.java:161)
	at org.apache.maven.DefaultMaven.doExecute(DefaultMaven.java:320)
	at org.apache.maven.DefaultMaven.execute(DefaultMaven.java:156)
	at org.apache.maven.cli.MavenCli.execute(MavenCli.java:537)
	at org.apache.maven.cli.MavenCli.doMain(MavenCli.java:196)
	at org.apache.maven.cli.MavenCli.main(MavenCli.java:141)
	at sun.reflect.NativeMethodAccessorImpl.invoke0(Native Method)
	at sun.reflect.NativeMethodAccessorImpl.invoke(NativeMethodAccessorImpl.java:62)
	at sun.reflect.DelegatingMethodAccessorImpl.invoke(DelegatingMethodAccessorImpl.java:43)
	at java.lang.reflect.Method.invoke(Method.java:497)
	at org.codehaus.plexus.classworlds.launcher.Launcher.launchEnhanced(Launcher.java:290)
	at org.codehaus.plexus.classworlds.launcher.Launcher.launch(Launcher.java:230)
	at org.codehaus.plexus.classworlds.launcher.Launcher.mainWithExitCode(Launcher.java:409)
	at org.codehaus.plexus.classworlds.launcher.Launcher.main(Launcher.java:352)
Caused by: org.springframework.beans.factory.BeanDefinitionStoreException: Factory method [public org.springframework.orm.jpa.LocalContainerEntityManagerFactoryBean ru.portal.config.JpaAppConfig.entityManagerFactory()] threw exception; nested exception is org.springframework.beans.factory.BeanCreationException: Error creating bean with name 'dataSource' defined in class path resource [ru/portal/config/JpaAppConfig.class]: Instantiation of bean failed; nested exception is org.springframework.beans.factory.BeanDefinitionStoreException: Factory method [public javax.sql.DataSource ru.portal.config.JpaAppConfig.dataSource()] threw exception; nested exception is org.springframework.jdbc.datasource.init.ScriptStatementFailedException: Failed to execute SQL script statement at line 1 of resource class path resource [insert-data.sql]: INSERT INTO Users (enabled, login, password) VALUES (true, 'admin', 'admin'); nested exception is java.sql.SQLSyntaxErrorException: user lacks privilege or object not found: USERS
	at org.springframework.beans.factory.support.SimpleInstantiationStrategy.instantiate(SimpleInstantiationStrategy.java:188)
	at org.springframework.beans.factory.support.ConstructorResolver.instantiateUsingFactoryMethod(ConstructorResolver.java:590)
	... 65 more
Caused by: org.springframework.beans.factory.BeanCreationException: Error creating bean with name 'dataSource' defined in class path resource [ru/portal/config/JpaAppConfig.class]: Instantiation of bean failed; nested exception is org.springframework.beans.factory.BeanDefinitionStoreException: Factory method [public javax.sql.DataSource ru.portal.config.JpaAppConfig.dataSource()] threw exception; nested exception is org.springframework.jdbc.datasource.init.ScriptStatementFailedException: Failed to execute SQL script statement at line 1 of resource class path resource [insert-data.sql]: INSERT INTO Users (enabled, login, password) VALUES (true, 'admin', 'admin'); nested exception is java.sql.SQLSyntaxErrorException: user lacks privilege or object not found: USERS
	at org.springframework.beans.factory.support.ConstructorResolver.instantiateUsingFactoryMethod(ConstructorResolver.java:601)
	at org.springframework.beans.factory.support.AbstractAutowireCapableBeanFactory.instantiateUsingFactoryMethod(AbstractAutowireCapableBeanFactory.java:1113)
	at org.springframework.beans.factory.support.AbstractAutowireCapableBeanFactory.createBeanInstance(AbstractAutowireCapableBeanFactory.java:1008)
	at org.springframework.beans.factory.support.AbstractAutowireCapableBeanFactory.doCreateBean(AbstractAutowireCapableBeanFactory.java:505)
	at org.springframework.beans.factory.support.AbstractAutowireCapableBeanFactory.createBean(AbstractAutowireCapableBeanFactory.java:476)
	at org.springframework.beans.factory.support.AbstractBeanFactory$1.getObject(AbstractBeanFactory.java:302)
	at org.springframework.beans.factory.support.DefaultSingletonBeanRegistry.getSingleton(DefaultSingletonBeanRegistry.java:229)
	at org.springframework.beans.factory.support.AbstractBeanFactory.doGetBean(AbstractBeanFactory.java:298)
	at org.springframework.beans.factory.support.AbstractBeanFactory.getBean(AbstractBeanFactory.java:193)
	at org.springframework.context.annotation.ConfigurationClassEnhancer$BeanMethodInterceptor.intercept(ConfigurationClassEnhancer.java:324)
	at ru.portal.config.JpaAppConfig$$EnhancerBySpringCGLIB$$8d5015d3.dataSource(<generated>)
	at ru.portal.config.JpaAppConfig.entityManagerFactory(JpaAppConfig.java:48)
	at ru.portal.config.JpaAppConfig$$EnhancerBySpringCGLIB$$8d5015d3.CGLIB$entityManagerFactory$2(<generated>)
	at ru.portal.config.JpaAppConfig$$EnhancerBySpringCGLIB$$8d5015d3$$FastClassBySpringCGLIB$$84465416.invoke(<generated>)
	at org.springframework.cglib.proxy.MethodProxy.invokeSuper(MethodProxy.java:228)
	at org.springframework.context.annotation.ConfigurationClassEnhancer$BeanMethodInterceptor.intercept(ConfigurationClassEnhancer.java:312)
	at ru.portal.config.JpaAppConfig$$EnhancerBySpringCGLIB$$8d5015d3.entityManagerFactory(<generated>)
	at sun.reflect.NativeMethodAccessorImpl.invoke0(Native Method)
	at sun.reflect.NativeMethodAccessorImpl.invoke(NativeMethodAccessorImpl.java:62)
	at sun.reflect.DelegatingMethodAccessorImpl.invoke(DelegatingMethodAccessorImpl.java:43)
	at java.lang.reflect.Method.invoke(Method.java:497)
	at org.springframework.beans.factory.support.SimpleInstantiationStrategy.instantiate(SimpleInstantiationStrategy.java:166)
	... 66 more
Caused by: org.springframework.beans.factory.BeanDefinitionStoreException: Factory method [public javax.sql.DataSource ru.portal.config.JpaAppConfig.dataSource()] threw exception; nested exception is org.springframework.jdbc.datasource.init.ScriptStatementFailedException: Failed to execute SQL script statement at line 1 of resource class path resource [insert-data.sql]: INSERT INTO Users (enabled, login, password) VALUES (true, 'admin', 'admin'); nested exception is java.sql.SQLSyntaxErrorException: user lacks privilege or object not found: USERS
	at org.springframework.beans.factory.support.SimpleInstantiationStrategy.instantiate(SimpleInstantiationStrategy.java:188)
	at org.springframework.beans.factory.support.ConstructorResolver.instantiateUsingFactoryMethod(ConstructorResolver.java:590)
	... 87 more
Caused by: org.springframework.jdbc.datasource.init.ScriptStatementFailedException: Failed to execute SQL script statement at line 1 of resource class path resource [insert-data.sql]: INSERT INTO Users (enabled, login, password) VALUES (true, 'admin', 'admin'); nested exception is java.sql.SQLSyntaxErrorException: user lacks privilege or object not found: USERS
	at org.springframework.jdbc.datasource.init.ScriptUtils.executeSqlScript(ScriptUtils.java:474)
	at org.springframework.jdbc.datasource.init.ResourceDatabasePopulator.populate(ResourceDatabasePopulator.java:230)
	at org.springframework.jdbc.datasource.init.DatabasePopulatorUtils.execute(DatabasePopulatorUtils.java:49)
	at org.springframework.jdbc.datasource.embedded.EmbeddedDatabaseFactory.initDatabase(EmbeddedDatabaseFactory.java:159)
	at org.springframework.jdbc.datasource.embedded.EmbeddedDatabaseFactory.getDatabase(EmbeddedDatabaseFactory.java:132)
	at org.springframework.jdbc.datasource.embedded.EmbeddedDatabaseBuilder.build(EmbeddedDatabaseBuilder.java:249)
	at ru.portal.config.JpaAppConfig.dataSource(JpaAppConfig.java:37)
	at ru.portal.config.JpaAppConfig$$EnhancerBySpringCGLIB$$8d5015d3.CGLIB$dataSource$4(<generated>)
	at ru.portal.config.JpaAppConfig$$EnhancerBySpringCGLIB$$8d5015d3$$FastClassBySpringCGLIB$$84465416.invoke(<generated>)
	at org.springframework.cglib.proxy.MethodProxy.invokeSuper(MethodProxy.java:228)
	at org.springframework.context.annotation.ConfigurationClassEnhancer$BeanMethodInterceptor.intercept(ConfigurationClassEnhancer.java:312)
	at ru.portal.config.JpaAppConfig$$EnhancerBySpringCGLIB$$8d5015d3.dataSource(<generated>)
	at sun.reflect.NativeMethodAccessorImpl.invoke0(Native Method)
	at sun.reflect.NativeMethodAccessorImpl.invoke(NativeMethodAccessorImpl.java:62)
	at sun.reflect.DelegatingMethodAccessorImpl.invoke(DelegatingMethodAccessorImpl.java:43)
	at java.lang.reflect.Method.invoke(Method.java:497)
	at org.springframework.beans.factory.support.SimpleInstantiationStrategy.instantiate(SimpleInstantiationStrategy.java:166)
	... 88 more
Caused by: java.sql.SQLSyntaxErrorException: user lacks privilege or object not found: USERS
	at org.hsqldb.jdbc.JDBCUtil.sqlException(Unknown Source)
	at org.hsqldb.jdbc.JDBCUtil.sqlException(Unknown Source)
	at org.hsqldb.jdbc.JDBCStatement.fetchResult(Unknown Source)
	at org.hsqldb.jdbc.JDBCStatement.execute(Unknown Source)
	at org.springframework.jdbc.datasource.init.ScriptUtils.executeSqlScript(ScriptUtils.java:459)
	... 104 more
Caused by: org.hsqldb.HsqlException: user lacks privilege or object not found: USERS
	at org.hsqldb.error.Error.error(Unknown Source)
	at org.hsqldb.error.Error.error(Unknown Source)
	at org.hsqldb.ParserDQL.readTableName(Unknown Source)
	at org.hsqldb.ParserDQL.readRangeVariableForDataChange(Unknown Source)
	at org.hsqldb.ParserDML.compileInsertStatement(Unknown Source)
	at org.hsqldb.ParserCommand.compilePart(Unknown Source)
	at org.hsqldb.ParserCommand.compileStatements(Unknown Source)
	at org.hsqldb.Session.executeDirectStatement(Unknown Source)
	at org.hsqldb.Session.execute(Unknown Source)
	... 107 more
18:12:48,875 ERROR main ContextLoader:initWebApplicationContext:331 - Context initialization failed
org.springframework.beans.factory.BeanCreationException: Error creating bean with name 'entityManagerFactory' defined in class path resource [ru/portal/config/JpaAppConfig.class]: Instantiation of bean failed; nested exception is org.springframework.beans.factory.BeanDefinitionStoreException: Factory method [public org.springframework.orm.jpa.LocalContainerEntityManagerFactoryBean ru.portal.config.JpaAppConfig.entityManagerFactory()] threw exception; nested exception is org.springframework.beans.factory.BeanCreationException: Error creating bean with name 'dataSource' defined in class path resource [ru/portal/config/JpaAppConfig.class]: Instantiation of bean failed; nested exception is org.springframework.beans.factory.BeanDefinitionStoreException: Factory method [public javax.sql.DataSource ru.portal.config.JpaAppConfig.dataSource()] threw exception; nested exception is org.springframework.jdbc.datasource.init.ScriptStatementFailedException: Failed to execute SQL script statement at line 1 of resource class path resource [insert-data.sql]: INSERT INTO Users (enabled, login, password) VALUES (true, 'admin', 'admin'); nested exception is java.sql.SQLSyntaxErrorException: user lacks privilege or object not found: USERS
	at org.springframework.beans.factory.support.ConstructorResolver.instantiateUsingFactoryMethod(ConstructorResolver.java:601)
	at org.springframework.beans.factory.support.AbstractAutowireCapableBeanFactory.instantiateUsingFactoryMethod(AbstractAutowireCapableBeanFactory.java:1113)
	at org.springframework.beans.factory.support.AbstractAutowireCapableBeanFactory.createBeanInstance(AbstractAutowireCapableBeanFactory.java:1008)
	at org.springframework.beans.factory.support.AbstractAutowireCapableBeanFactory.doCreateBean(AbstractAutowireCapableBeanFactory.java:505)
	at org.springframework.beans.factory.support.AbstractAutowireCapableBeanFactory.createBean(AbstractAutowireCapableBeanFactory.java:476)
	at org.springframework.beans.factory.support.AbstractBeanFactory$1.getObject(AbstractBeanFactory.java:302)
	at org.springframework.beans.factory.support.DefaultSingletonBeanRegistry.getSingleton(DefaultSingletonBeanRegistry.java:229)
	at org.springframework.beans.factory.support.AbstractBeanFactory.doGetBean(AbstractBeanFactory.java:298)
	at org.springframework.beans.factory.support.AbstractBeanFactory.getBean(AbstractBeanFactory.java:193)
	at org.springframework.context.support.AbstractApplicationContext.getBean(AbstractApplicationContext.java:956)
	at org.springframework.context.support.AbstractApplicationContext.finishBeanFactoryInitialization(AbstractApplicationContext.java:747)
	at org.springframework.context.support.AbstractApplicationContext.refresh(AbstractApplicationContext.java:480)
	at org.springframework.web.context.ContextLoader.configureAndRefreshWebApplicationContext(ContextLoader.java:403)
	at org.springframework.web.context.ContextLoader.initWebApplicationContext(ContextLoader.java:306)
	at org.springframework.web.context.ContextLoaderListener.contextInitialized(ContextLoaderListener.java:106)
	at org.eclipse.jetty.server.handler.ContextHandler.callContextInitialized(ContextHandler.java:798)
	at org.eclipse.jetty.servlet.ServletContextHandler.callContextInitialized(ServletContextHandler.java:530)
	at org.eclipse.jetty.server.handler.ContextHandler.startContext(ContextHandler.java:771)
	at org.eclipse.jetty.servlet.ServletContextHandler.startContext(ServletContextHandler.java:342)
	at org.eclipse.jetty.webapp.WebAppContext.startWebapp(WebAppContext.java:1368)
	at org.eclipse.jetty.maven.plugin.JettyWebAppContext.startWebapp(JettyWebAppContext.java:320)
	at org.eclipse.jetty.webapp.WebAppContext.startContext(WebAppContext.java:1335)
	at org.eclipse.jetty.server.handler.ContextHandler.doStart(ContextHandler.java:735)
	at org.eclipse.jetty.servlet.ServletContextHandler.doStart(ServletContextHandler.java:259)
	at org.eclipse.jetty.webapp.WebAppContext.doStart(WebAppContext.java:511)
	at org.eclipse.jetty.maven.plugin.JettyWebAppContext.doStart(JettyWebAppContext.java:403)
	at org.eclipse.jetty.util.component.AbstractLifeCycle.start(AbstractLifeCycle.java:68)
	at org.eclipse.jetty.util.component.ContainerLifeCycle.start(ContainerLifeCycle.java:132)
	at org.eclipse.jetty.util.component.ContainerLifeCycle.doStart(ContainerLifeCycle.java:114)
	at org.eclipse.jetty.server.handler.AbstractHandler.doStart(AbstractHandler.java:61)
	at org.eclipse.jetty.server.handler.ContextHandlerCollection.doStart(ContextHandlerCollection.java:161)
	at org.eclipse.jetty.util.component.AbstractLifeCycle.start(AbstractLifeCycle.java:68)
	at org.eclipse.jetty.util.component.ContainerLifeCycle.start(ContainerLifeCycle.java:132)
	at org.eclipse.jetty.util.component.ContainerLifeCycle.doStart(ContainerLifeCycle.java:114)
	at org.eclipse.jetty.server.handler.AbstractHandler.doStart(AbstractHandler.java:61)
	at org.eclipse.jetty.util.component.AbstractLifeCycle.start(AbstractLifeCycle.java:68)
	at org.eclipse.jetty.util.component.ContainerLifeCycle.start(ContainerLifeCycle.java:132)
	at org.eclipse.jetty.server.Server.start(Server.java:405)
	at org.eclipse.jetty.util.component.ContainerLifeCycle.doStart(ContainerLifeCycle.java:106)
	at org.eclipse.jetty.server.handler.AbstractHandler.doStart(AbstractHandler.java:61)
	at org.eclipse.jetty.server.Server.doStart(Server.java:372)
	at org.eclipse.jetty.util.component.AbstractLifeCycle.start(AbstractLifeCycle.java:68)
	at org.eclipse.jetty.maven.plugin.AbstractJettyMojo.startJetty(AbstractJettyMojo.java:457)
	at org.eclipse.jetty.maven.plugin.AbstractJettyMojo.execute(AbstractJettyMojo.java:328)
	at org.eclipse.jetty.maven.plugin.JettyRunWarExplodedMojo.execute(JettyRunWarExplodedMojo.java:69)
	at org.apache.maven.plugin.DefaultBuildPluginManager.executeMojo(DefaultBuildPluginManager.java:101)
	at org.apache.maven.lifecycle.internal.MojoExecutor.execute(MojoExecutor.java:209)
	at org.apache.maven.lifecycle.internal.MojoExecutor.execute(MojoExecutor.java:153)
	at org.apache.maven.lifecycle.internal.MojoExecutor.execute(MojoExecutor.java:145)
	at org.apache.maven.lifecycle.internal.LifecycleModuleBuilder.buildProject(LifecycleModuleBuilder.java:84)
	at org.apache.maven.lifecycle.internal.LifecycleModuleBuilder.buildProject(LifecycleModuleBuilder.java:59)
	at org.apache.maven.lifecycle.internal.LifecycleStarter.singleThreadedBuild(LifecycleStarter.java:183)
	at org.apache.maven.lifecycle.internal.LifecycleStarter.execute(LifecycleStarter.java:161)
	at org.apache.maven.DefaultMaven.doExecute(DefaultMaven.java:320)
	at org.apache.maven.DefaultMaven.execute(DefaultMaven.java:156)
	at org.apache.maven.cli.MavenCli.execute(MavenCli.java:537)
	at org.apache.maven.cli.MavenCli.doMain(MavenCli.java:196)
	at org.apache.maven.cli.MavenCli.main(MavenCli.java:141)
	at sun.reflect.NativeMethodAccessorImpl.invoke0(Native Method)
	at sun.reflect.NativeMethodAccessorImpl.invoke(NativeMethodAccessorImpl.java:62)
	at sun.reflect.DelegatingMethodAccessorImpl.invoke(DelegatingMethodAccessorImpl.java:43)
	at java.lang.reflect.Method.invoke(Method.java:497)
	at org.codehaus.plexus.classworlds.launcher.Launcher.launchEnhanced(Launcher.java:290)
	at org.codehaus.plexus.classworlds.launcher.Launcher.launch(Launcher.java:230)
	at org.codehaus.plexus.classworlds.launcher.Launcher.mainWithExitCode(Launcher.java:409)
	at org.codehaus.plexus.classworlds.launcher.Launcher.main(Launcher.java:352)
Caused by: org.springframework.beans.factory.BeanDefinitionStoreException: Factory method [public org.springframework.orm.jpa.LocalContainerEntityManagerFactoryBean ru.portal.config.JpaAppConfig.entityManagerFactory()] threw exception; nested exception is org.springframework.beans.factory.BeanCreationException: Error creating bean with name 'dataSource' defined in class path resource [ru/portal/config/JpaAppConfig.class]: Instantiation of bean failed; nested exception is org.springframework.beans.factory.BeanDefinitionStoreException: Factory method [public javax.sql.DataSource ru.portal.config.JpaAppConfig.dataSource()] threw exception; nested exception is org.springframework.jdbc.datasource.init.ScriptStatementFailedException: Failed to execute SQL script statement at line 1 of resource class path resource [insert-data.sql]: INSERT INTO Users (enabled, login, password) VALUES (true, 'admin', 'admin'); nested exception is java.sql.SQLSyntaxErrorException: user lacks privilege or object not found: USERS
	at org.springframework.beans.factory.support.SimpleInstantiationStrategy.instantiate(SimpleInstantiationStrategy.java:188)
	at org.springframework.beans.factory.support.ConstructorResolver.instantiateUsingFactoryMethod(ConstructorResolver.java:590)
	... 65 more
Caused by: org.springframework.beans.factory.BeanCreationException: Error creating bean with name 'dataSource' defined in class path resource [ru/portal/config/JpaAppConfig.class]: Instantiation of bean failed; nested exception is org.springframework.beans.factory.BeanDefinitionStoreException: Factory method [public javax.sql.DataSource ru.portal.config.JpaAppConfig.dataSource()] threw exception; nested exception is org.springframework.jdbc.datasource.init.ScriptStatementFailedException: Failed to execute SQL script statement at line 1 of resource class path resource [insert-data.sql]: INSERT INTO Users (enabled, login, password) VALUES (true, 'admin', 'admin'); nested exception is java.sql.SQLSyntaxErrorException: user lacks privilege or object not found: USERS
	at org.springframework.beans.factory.support.ConstructorResolver.instantiateUsingFactoryMethod(ConstructorResolver.java:601)
	at org.springframework.beans.factory.support.AbstractAutowireCapableBeanFactory.instantiateUsingFactoryMethod(AbstractAutowireCapableBeanFactory.java:1113)
	at org.springframework.beans.factory.support.AbstractAutowireCapableBeanFactory.createBeanInstance(AbstractAutowireCapableBeanFactory.java:1008)
	at org.springframework.beans.factory.support.AbstractAutowireCapableBeanFactory.doCreateBean(AbstractAutowireCapableBeanFactory.java:505)
	at org.springframework.beans.factory.support.AbstractAutowireCapableBeanFactory.createBean(AbstractAutowireCapableBeanFactory.java:476)
	at org.springframework.beans.factory.support.AbstractBeanFactory$1.getObject(AbstractBeanFactory.java:302)
	at org.springframework.beans.factory.support.DefaultSingletonBeanRegistry.getSingleton(DefaultSingletonBeanRegistry.java:229)
	at org.springframework.beans.factory.support.AbstractBeanFactory.doGetBean(AbstractBeanFactory.java:298)
	at org.springframework.beans.factory.support.AbstractBeanFactory.getBean(AbstractBeanFactory.java:193)
	at org.springframework.context.annotation.ConfigurationClassEnhancer$BeanMethodInterceptor.intercept(ConfigurationClassEnhancer.java:324)
	at ru.portal.config.JpaAppConfig$$EnhancerBySpringCGLIB$$8d5015d3.dataSource(<generated>)
	at ru.portal.config.JpaAppConfig.entityManagerFactory(JpaAppConfig.java:48)
	at ru.portal.config.JpaAppConfig$$EnhancerBySpringCGLIB$$8d5015d3.CGLIB$entityManagerFactory$2(<generated>)
	at ru.portal.config.JpaAppConfig$$EnhancerBySpringCGLIB$$8d5015d3$$FastClassBySpringCGLIB$$84465416.invoke(<generated>)
	at org.springframework.cglib.proxy.MethodProxy.invokeSuper(MethodProxy.java:228)
	at org.springframework.context.annotation.ConfigurationClassEnhancer$BeanMethodInterceptor.intercept(ConfigurationClassEnhancer.java:312)
	at ru.portal.config.JpaAppConfig$$EnhancerBySpringCGLIB$$8d5015d3.entityManagerFactory(<generated>)
	at sun.reflect.NativeMethodAccessorImpl.invoke0(Native Method)
	at sun.reflect.NativeMethodAccessorImpl.invoke(NativeMethodAccessorImpl.java:62)
	at sun.reflect.DelegatingMethodAccessorImpl.invoke(DelegatingMethodAccessorImpl.java:43)
	at java.lang.reflect.Method.invoke(Method.java:497)
	at org.springframework.beans.factory.support.SimpleInstantiationStrategy.instantiate(SimpleInstantiationStrategy.java:166)
	... 66 more
Caused by: org.springframework.beans.factory.BeanDefinitionStoreException: Factory method [public javax.sql.DataSource ru.portal.config.JpaAppConfig.dataSource()] threw exception; nested exception is org.springframework.jdbc.datasource.init.ScriptStatementFailedException: Failed to execute SQL script statement at line 1 of resource class path resource [insert-data.sql]: INSERT INTO Users (enabled, login, password) VALUES (true, 'admin', 'admin'); nested exception is java.sql.SQLSyntaxErrorException: user lacks privilege or object not found: USERS
	at org.springframework.beans.factory.support.SimpleInstantiationStrategy.instantiate(SimpleInstantiationStrategy.java:188)
	at org.springframework.beans.factory.support.ConstructorResolver.instantiateUsingFactoryMethod(ConstructorResolver.java:590)
	... 87 more
Caused by: org.springframework.jdbc.datasource.init.ScriptStatementFailedException: Failed to execute SQL script statement at line 1 of resource class path resource [insert-data.sql]: INSERT INTO Users (enabled, login, password) VALUES (true, 'admin', 'admin'); nested exception is java.sql.SQLSyntaxErrorException: user lacks privilege or object not found: USERS
	at org.springframework.jdbc.datasource.init.ScriptUtils.executeSqlScript(ScriptUtils.java:474)
	at org.springframework.jdbc.datasource.init.ResourceDatabasePopulator.populate(ResourceDatabasePopulator.java:230)
	at org.springframework.jdbc.datasource.init.DatabasePopulatorUtils.execute(DatabasePopulatorUtils.java:49)
	at org.springframework.jdbc.datasource.embedded.EmbeddedDatabaseFactory.initDatabase(EmbeddedDatabaseFactory.java:159)
	at org.springframework.jdbc.datasource.embedded.EmbeddedDatabaseFactory.getDatabase(EmbeddedDatabaseFactory.java:132)
	at org.springframework.jdbc.datasource.embedded.EmbeddedDatabaseBuilder.build(EmbeddedDatabaseBuilder.java:249)
	at ru.portal.config.JpaAppConfig.dataSource(JpaAppConfig.java:37)
	at ru.portal.config.JpaAppConfig$$EnhancerBySpringCGLIB$$8d5015d3.CGLIB$dataSource$4(<generated>)
	at ru.portal.config.JpaAppConfig$$EnhancerBySpringCGLIB$$8d5015d3$$FastClassBySpringCGLIB$$84465416.invoke(<generated>)
	at org.springframework.cglib.proxy.MethodProxy.invokeSuper(MethodProxy.java:228)
	at org.springframework.context.annotation.ConfigurationClassEnhancer$BeanMethodInterceptor.intercept(ConfigurationClassEnhancer.java:312)
	at ru.portal.config.JpaAppConfig$$EnhancerBySpringCGLIB$$8d5015d3.dataSource(<generated>)
	at sun.reflect.NativeMethodAccessorImpl.invoke0(Native Method)
	at sun.reflect.NativeMethodAccessorImpl.invoke(NativeMethodAccessorImpl.java:62)
	at sun.reflect.DelegatingMethodAccessorImpl.invoke(DelegatingMethodAccessorImpl.java:43)
	at java.lang.reflect.Method.invoke(Method.java:497)
	at org.springframework.beans.factory.support.SimpleInstantiationStrategy.instantiate(SimpleInstantiationStrategy.java:166)
	... 88 more
Caused by: java.sql.SQLSyntaxErrorException: user lacks privilege or object not found: USERS
	at org.hsqldb.jdbc.JDBCUtil.sqlException(Unknown Source)
	at org.hsqldb.jdbc.JDBCUtil.sqlException(Unknown Source)
	at org.hsqldb.jdbc.JDBCStatement.fetchResult(Unknown Source)
	at org.hsqldb.jdbc.JDBCStatement.execute(Unknown Source)
	at org.springframework.jdbc.datasource.init.ScriptUtils.executeSqlScript(ScriptUtils.java:459)
	... 104 more
Caused by: org.hsqldb.HsqlException: user lacks privilege or object not found: USERS
	at org.hsqldb.error.Error.error(Unknown Source)
	at org.hsqldb.error.Error.error(Unknown Source)
	at org.hsqldb.ParserDQL.readTableName(Unknown Source)
	at org.hsqldb.ParserDQL.readRangeVariableForDataChange(Unknown Source)
	at org.hsqldb.ParserDML.compileInsertStatement(Unknown Source)
	at org.hsqldb.ParserCommand.compilePart(Unknown Source)
	at org.hsqldb.ParserCommand.compileStatements(Unknown Source)
	at org.hsqldb.Session.executeDirectStatement(Unknown Source)
	at org.hsqldb.Session.execute(Unknown Source)
	... 107 more
18:15:13,047 ERROR main SchemaExport:perform:425 - HHH000389: Unsuccessful: alter table user_roles drop constraint FK_5q4rc4fh1on6567qk69uesvyf
18:15:13,051 ERROR main SchemaExport:perform:426 - user lacks privilege or object not found: PUBLIC.USER_ROLES
18:15:13,052 ERROR main SchemaExport:perform:425 - HHH000389: Unsuccessful: alter table user_roles drop constraint FK_g1uebn6mqk9qiaw45vnacmyo2
18:15:13,053 ERROR main SchemaExport:perform:426 - user lacks privilege or object not found: PUBLIC.USER_ROLES
18:15:13,234  WARN main EntityManagerFactoryRegistry:addEntityManagerFactory:80 - HHH000436: Entity manager factory name (portalPersistanceUnit) is already registered.  If entity manager will be clustered or passivated, specify a unique value for property 'hibernate.ejb.entitymanager_factory_name'
18:18:01,587 ERROR main SchemaExport:perform:425 - HHH000389: Unsuccessful: alter table user_roles drop constraint FK_5q4rc4fh1on6567qk69uesvyf
18:18:01,590 ERROR main SchemaExport:perform:426 - user lacks privilege or object not found: PUBLIC.USER_ROLES
18:18:01,591 ERROR main SchemaExport:perform:425 - HHH000389: Unsuccessful: alter table user_roles drop constraint FK_g1uebn6mqk9qiaw45vnacmyo2
18:18:01,591 ERROR main SchemaExport:perform:426 - user lacks privilege or object not found: PUBLIC.USER_ROLES
18:18:01,752  WARN main EntityManagerFactoryRegistry:addEntityManagerFactory:80 - HHH000436: Entity manager factory name (portalPersistanceUnit) is already registered.  If entity manager will be clustered or passivated, specify a unique value for property 'hibernate.ejb.entitymanager_factory_name'
18:22:05,760 ERROR main SchemaExport:perform:425 - HHH000389: Unsuccessful: alter table user_roles drop constraint FK_5q4rc4fh1on6567qk69uesvyf
18:22:05,764 ERROR main SchemaExport:perform:426 - user lacks privilege or object not found: PUBLIC.USER_ROLES
18:22:05,765 ERROR main SchemaExport:perform:425 - HHH000389: Unsuccessful: alter table user_roles drop constraint FK_g1uebn6mqk9qiaw45vnacmyo2
18:22:05,765 ERROR main SchemaExport:perform:426 - user lacks privilege or object not found: PUBLIC.USER_ROLES
18:22:05,962  WARN main EntityManagerFactoryRegistry:addEntityManagerFactory:80 - HHH000436: Entity manager factory name (portalPersistanceUnit) is already registered.  If entity manager will be clustered or passivated, specify a unique value for property 'hibernate.ejb.entitymanager_factory_name'
18:25:59,755 ERROR main SchemaExport:perform:425 - HHH000389: Unsuccessful: alter table user_roles drop constraint FK_5q4rc4fh1on6567qk69uesvyf
18:25:59,761 ERROR main SchemaExport:perform:426 - user lacks privilege or object not found: PUBLIC.USER_ROLES
18:25:59,763 ERROR main SchemaExport:perform:425 - HHH000389: Unsuccessful: alter table user_roles drop constraint FK_g1uebn6mqk9qiaw45vnacmyo2
18:25:59,764 ERROR main SchemaExport:perform:426 - user lacks privilege or object not found: PUBLIC.USER_ROLES
18:26:00,001  WARN main EntityManagerFactoryRegistry:addEntityManagerFactory:80 - HHH000436: Entity manager factory name (portalPersistanceUnit) is already registered.  If entity manager will be clustered or passivated, specify a unique value for property 'hibernate.ejb.entitymanager_factory_name'
18:30:34,657 ERROR main SchemaExport:perform:425 - HHH000389: Unsuccessful: alter table user_roles drop constraint FK_5q4rc4fh1on6567qk69uesvyf
18:30:34,661 ERROR main SchemaExport:perform:426 - user lacks privilege or object not found: PUBLIC.USER_ROLES
18:30:34,662 ERROR main SchemaExport:perform:425 - HHH000389: Unsuccessful: alter table user_roles drop constraint FK_g1uebn6mqk9qiaw45vnacmyo2
18:30:34,662 ERROR main SchemaExport:perform:426 - user lacks privilege or object not found: PUBLIC.USER_ROLES
18:30:34,851  WARN main EntityManagerFactoryRegistry:addEntityManagerFactory:80 - HHH000436: Entity manager factory name (portalPersistanceUnit) is already registered.  If entity manager will be clustered or passivated, specify a unique value for property 'hibernate.ejb.entitymanager_factory_name'
18:33:19,957 ERROR main SchemaExport:perform:425 - HHH000389: Unsuccessful: alter table user_roles drop constraint FK_5q4rc4fh1on6567qk69uesvyf
18:33:19,961 ERROR main SchemaExport:perform:426 - user lacks privilege or object not found: PUBLIC.USER_ROLES
18:33:19,962 ERROR main SchemaExport:perform:425 - HHH000389: Unsuccessful: alter table user_roles drop constraint FK_g1uebn6mqk9qiaw45vnacmyo2
18:33:19,962 ERROR main SchemaExport:perform:426 - user lacks privilege or object not found: PUBLIC.USER_ROLES
18:33:20,180  WARN main EntityManagerFactoryRegistry:addEntityManagerFactory:80 - HHH000436: Entity manager factory name (portalPersistanceUnit) is already registered.  If entity manager will be clustered or passivated, specify a unique value for property 'hibernate.ejb.entitymanager_factory_name'
18:35:32,471 ERROR main SchemaExport:perform:425 - HHH000389: Unsuccessful: alter table user_roles drop constraint FK_5q4rc4fh1on6567qk69uesvyf
18:35:32,474 ERROR main SchemaExport:perform:426 - user lacks privilege or object not found: PUBLIC.USER_ROLES
18:35:32,475 ERROR main SchemaExport:perform:425 - HHH000389: Unsuccessful: alter table user_roles drop constraint FK_g1uebn6mqk9qiaw45vnacmyo2
18:35:32,475 ERROR main SchemaExport:perform:426 - user lacks privilege or object not found: PUBLIC.USER_ROLES
18:35:32,666  WARN main EntityManagerFactoryRegistry:addEntityManagerFactory:80 - HHH000436: Entity manager factory name (portalPersistanceUnit) is already registered.  If entity manager will be clustered or passivated, specify a unique value for property 'hibernate.ejb.entitymanager_factory_name'
18:40:43,837 ERROR main SchemaExport:perform:425 - HHH000389: Unsuccessful: alter table user_roles drop constraint FK_5q4rc4fh1on6567qk69uesvyf
18:40:43,840 ERROR main SchemaExport:perform:426 - user lacks privilege or object not found: PUBLIC.USER_ROLES
18:40:43,841 ERROR main SchemaExport:perform:425 - HHH000389: Unsuccessful: alter table user_roles drop constraint FK_g1uebn6mqk9qiaw45vnacmyo2
18:40:43,841 ERROR main SchemaExport:perform:426 - user lacks privilege or object not found: PUBLIC.USER_ROLES
18:40:43,979  WARN main EntityManagerFactoryRegistry:addEntityManagerFactory:80 - HHH000436: Entity manager factory name (portalPersistanceUnit) is already registered.  If entity manager will be clustered or passivated, specify a unique value for property 'hibernate.ejb.entitymanager_factory_name'
08:55:36,525 ERROR main SchemaExport:perform:425 - HHH000389: Unsuccessful: alter table user_roles drop constraint FK_5q4rc4fh1on6567qk69uesvyf
08:55:36,528 ERROR main SchemaExport:perform:426 - user lacks privilege or object not found: PUBLIC.USER_ROLES
08:55:36,529 ERROR main SchemaExport:perform:425 - HHH000389: Unsuccessful: alter table user_roles drop constraint FK_g1uebn6mqk9qiaw45vnacmyo2
08:55:36,529 ERROR main SchemaExport:perform:426 - user lacks privilege or object not found: PUBLIC.USER_ROLES
08:55:36,707  WARN main EntityManagerFactoryRegistry:addEntityManagerFactory:80 - HHH000436: Entity manager factory name (portalPersistanceUnit) is already registered.  If entity manager will be clustered or passivated, specify a unique value for property 'hibernate.ejb.entitymanager_factory_name'
08:58:29,384 ERROR main SchemaExport:perform:425 - HHH000389: Unsuccessful: alter table user_roles drop constraint FK_5q4rc4fh1on6567qk69uesvyf
08:58:29,388 ERROR main SchemaExport:perform:426 - user lacks privilege or object not found: PUBLIC.USER_ROLES
08:58:29,388 ERROR main SchemaExport:perform:425 - HHH000389: Unsuccessful: alter table user_roles drop constraint FK_g1uebn6mqk9qiaw45vnacmyo2
08:58:29,389 ERROR main SchemaExport:perform:426 - user lacks privilege or object not found: PUBLIC.USER_ROLES
08:58:29,585  WARN main EntityManagerFactoryRegistry:addEntityManagerFactory:80 - HHH000436: Entity manager factory name (portalPersistanceUnit) is already registered.  If entity manager will be clustered or passivated, specify a unique value for property 'hibernate.ejb.entitymanager_factory_name'
08:59:56,289 ERROR main SchemaExport:perform:425 - HHH000389: Unsuccessful: alter table user_roles drop constraint FK_5q4rc4fh1on6567qk69uesvyf
08:59:56,299 ERROR main SchemaExport:perform:426 - user lacks privilege or object not found: PUBLIC.USER_ROLES
08:59:56,301 ERROR main SchemaExport:perform:425 - HHH000389: Unsuccessful: alter table user_roles drop constraint FK_g1uebn6mqk9qiaw45vnacmyo2
08:59:56,301 ERROR main SchemaExport:perform:426 - user lacks privilege or object not found: PUBLIC.USER_ROLES
08:59:56,544  WARN main EntityManagerFactoryRegistry:addEntityManagerFactory:80 - HHH000436: Entity manager factory name (portalPersistanceUnit) is already registered.  If entity manager will be clustered or passivated, specify a unique value for property 'hibernate.ejb.entitymanager_factory_name'
09:39:30,938 ERROR main SchemaExport:perform:425 - HHH000389: Unsuccessful: alter table user_roles drop constraint FK_5q4rc4fh1on6567qk69uesvyf
09:39:30,964 ERROR main SchemaExport:perform:426 - user lacks privilege or object not found: PUBLIC.USER_ROLES
09:39:30,966 ERROR main SchemaExport:perform:425 - HHH000389: Unsuccessful: alter table user_roles drop constraint FK_g1uebn6mqk9qiaw45vnacmyo2
09:39:30,967 ERROR main SchemaExport:perform:426 - user lacks privilege or object not found: PUBLIC.USER_ROLES
09:39:31,179  WARN main EntityManagerFactoryRegistry:addEntityManagerFactory:80 - HHH000436: Entity manager factory name (portalPersistanceUnit) is already registered.  If entity manager will be clustered or passivated, specify a unique value for property 'hibernate.ejb.entitymanager_factory_name'
09:39:32,740  WARN main AnnotationConfigWebApplicationContext:refresh:487 - Exception encountered during context initialization - cancelling refresh attempt
org.springframework.beans.factory.BeanCreationException: Error creating bean with name 'requestMappingHandlerMapping' defined in class org.springframework.web.servlet.config.annotation.DelegatingWebMvcConfiguration: Invocation of init method failed; nested exception is java.lang.IllegalStateException: Ambiguous mapping found. Cannot map 'restController' bean method 
public ru.portal.entity.User ru.portal.controllers.RestController.findOne()
to {[/findall],methods=[GET],params=[],headers=[],consumes=[],produces=[],custom=[]}: There is already 'restController' bean method
public org.springframework.http.ResponseEntity<java.lang.String> ru.portal.controllers.RestController.findAll() mapped.
	at org.springframework.beans.factory.support.AbstractAutowireCapableBeanFactory.initializeBean(AbstractAutowireCapableBeanFactory.java:1568)
	at org.springframework.beans.factory.support.AbstractAutowireCapableBeanFactory.doCreateBean(AbstractAutowireCapableBeanFactory.java:540)
	at org.springframework.beans.factory.support.AbstractAutowireCapableBeanFactory.createBean(AbstractAutowireCapableBeanFactory.java:476)
	at org.springframework.beans.factory.support.AbstractBeanFactory$1.getObject(AbstractBeanFactory.java:302)
	at org.springframework.beans.factory.support.DefaultSingletonBeanRegistry.getSingleton(DefaultSingletonBeanRegistry.java:229)
	at org.springframework.beans.factory.support.AbstractBeanFactory.doGetBean(AbstractBeanFactory.java:298)
	at org.springframework.beans.factory.support.AbstractBeanFactory.getBean(AbstractBeanFactory.java:193)
	at org.springframework.beans.factory.support.DefaultListableBeanFactory.preInstantiateSingletons(DefaultListableBeanFactory.java:725)
	at org.springframework.context.support.AbstractApplicationContext.finishBeanFactoryInitialization(AbstractApplicationContext.java:757)
	at org.springframework.context.support.AbstractApplicationContext.refresh(AbstractApplicationContext.java:480)
	at org.springframework.web.context.ContextLoader.configureAndRefreshWebApplicationContext(ContextLoader.java:403)
	at org.springframework.web.context.ContextLoader.initWebApplicationContext(ContextLoader.java:306)
	at org.springframework.web.context.ContextLoaderListener.contextInitialized(ContextLoaderListener.java:106)
	at org.eclipse.jetty.server.handler.ContextHandler.callContextInitialized(ContextHandler.java:798)
	at org.eclipse.jetty.servlet.ServletContextHandler.callContextInitialized(ServletContextHandler.java:530)
	at org.eclipse.jetty.server.handler.ContextHandler.startContext(ContextHandler.java:771)
	at org.eclipse.jetty.servlet.ServletContextHandler.startContext(ServletContextHandler.java:342)
	at org.eclipse.jetty.webapp.WebAppContext.startWebapp(WebAppContext.java:1368)
	at org.eclipse.jetty.maven.plugin.JettyWebAppContext.startWebapp(JettyWebAppContext.java:320)
	at org.eclipse.jetty.webapp.WebAppContext.startContext(WebAppContext.java:1335)
	at org.eclipse.jetty.server.handler.ContextHandler.doStart(ContextHandler.java:735)
	at org.eclipse.jetty.servlet.ServletContextHandler.doStart(ServletContextHandler.java:259)
	at org.eclipse.jetty.webapp.WebAppContext.doStart(WebAppContext.java:511)
	at org.eclipse.jetty.maven.plugin.JettyWebAppContext.doStart(JettyWebAppContext.java:403)
	at org.eclipse.jetty.util.component.AbstractLifeCycle.start(AbstractLifeCycle.java:68)
	at org.eclipse.jetty.util.component.ContainerLifeCycle.start(ContainerLifeCycle.java:132)
	at org.eclipse.jetty.util.component.ContainerLifeCycle.doStart(ContainerLifeCycle.java:114)
	at org.eclipse.jetty.server.handler.AbstractHandler.doStart(AbstractHandler.java:61)
	at org.eclipse.jetty.server.handler.ContextHandlerCollection.doStart(ContextHandlerCollection.java:161)
	at org.eclipse.jetty.util.component.AbstractLifeCycle.start(AbstractLifeCycle.java:68)
	at org.eclipse.jetty.util.component.ContainerLifeCycle.start(ContainerLifeCycle.java:132)
	at org.eclipse.jetty.util.component.ContainerLifeCycle.doStart(ContainerLifeCycle.java:114)
	at org.eclipse.jetty.server.handler.AbstractHandler.doStart(AbstractHandler.java:61)
	at org.eclipse.jetty.util.component.AbstractLifeCycle.start(AbstractLifeCycle.java:68)
	at org.eclipse.jetty.util.component.ContainerLifeCycle.start(ContainerLifeCycle.java:132)
	at org.eclipse.jetty.server.Server.start(Server.java:405)
	at org.eclipse.jetty.util.component.ContainerLifeCycle.doStart(ContainerLifeCycle.java:106)
	at org.eclipse.jetty.server.handler.AbstractHandler.doStart(AbstractHandler.java:61)
	at org.eclipse.jetty.server.Server.doStart(Server.java:372)
	at org.eclipse.jetty.util.component.AbstractLifeCycle.start(AbstractLifeCycle.java:68)
	at org.eclipse.jetty.maven.plugin.AbstractJettyMojo.startJetty(AbstractJettyMojo.java:457)
	at org.eclipse.jetty.maven.plugin.AbstractJettyMojo.execute(AbstractJettyMojo.java:328)
	at org.eclipse.jetty.maven.plugin.JettyRunWarExplodedMojo.execute(JettyRunWarExplodedMojo.java:69)
	at org.apache.maven.plugin.DefaultBuildPluginManager.executeMojo(DefaultBuildPluginManager.java:101)
	at org.apache.maven.lifecycle.internal.MojoExecutor.execute(MojoExecutor.java:209)
	at org.apache.maven.lifecycle.internal.MojoExecutor.execute(MojoExecutor.java:153)
	at org.apache.maven.lifecycle.internal.MojoExecutor.execute(MojoExecutor.java:145)
	at org.apache.maven.lifecycle.internal.LifecycleModuleBuilder.buildProject(LifecycleModuleBuilder.java:84)
	at org.apache.maven.lifecycle.internal.LifecycleModuleBuilder.buildProject(LifecycleModuleBuilder.java:59)
	at org.apache.maven.lifecycle.internal.LifecycleStarter.singleThreadedBuild(LifecycleStarter.java:183)
	at org.apache.maven.lifecycle.internal.LifecycleStarter.execute(LifecycleStarter.java:161)
	at org.apache.maven.DefaultMaven.doExecute(DefaultMaven.java:320)
	at org.apache.maven.DefaultMaven.execute(DefaultMaven.java:156)
	at org.apache.maven.cli.MavenCli.execute(MavenCli.java:537)
	at org.apache.maven.cli.MavenCli.doMain(MavenCli.java:196)
	at org.apache.maven.cli.MavenCli.main(MavenCli.java:141)
	at sun.reflect.NativeMethodAccessorImpl.invoke0(Native Method)
	at sun.reflect.NativeMethodAccessorImpl.invoke(NativeMethodAccessorImpl.java:62)
	at sun.reflect.DelegatingMethodAccessorImpl.invoke(DelegatingMethodAccessorImpl.java:43)
	at java.lang.reflect.Method.invoke(Method.java:497)
	at org.codehaus.plexus.classworlds.launcher.Launcher.launchEnhanced(Launcher.java:290)
	at org.codehaus.plexus.classworlds.launcher.Launcher.launch(Launcher.java:230)
	at org.codehaus.plexus.classworlds.launcher.Launcher.mainWithExitCode(Launcher.java:409)
	at org.codehaus.plexus.classworlds.launcher.Launcher.main(Launcher.java:352)
Caused by: java.lang.IllegalStateException: Ambiguous mapping found. Cannot map 'restController' bean method 
public ru.portal.entity.User ru.portal.controllers.RestController.findOne()
to {[/findall],methods=[GET],params=[],headers=[],consumes=[],produces=[],custom=[]}: There is already 'restController' bean method
public org.springframework.http.ResponseEntity<java.lang.String> ru.portal.controllers.RestController.findAll() mapped.
	at org.springframework.web.servlet.handler.AbstractHandlerMethodMapping.registerHandlerMethod(AbstractHandlerMethodMapping.java:215)
	at org.springframework.web.servlet.handler.AbstractHandlerMethodMapping.detectHandlerMethods(AbstractHandlerMethodMapping.java:187)
	at org.springframework.web.servlet.handler.AbstractHandlerMethodMapping.initHandlerMethods(AbstractHandlerMethodMapping.java:147)
	at org.springframework.web.servlet.handler.AbstractHandlerMethodMapping.afterPropertiesSet(AbstractHandlerMethodMapping.java:126)
	at org.springframework.web.servlet.mvc.method.annotation.RequestMappingHandlerMapping.afterPropertiesSet(RequestMappingHandlerMapping.java:126)
	at org.springframework.beans.factory.support.AbstractAutowireCapableBeanFactory.invokeInitMethods(AbstractAutowireCapableBeanFactory.java:1627)
	at org.springframework.beans.factory.support.AbstractAutowireCapableBeanFactory.initializeBean(AbstractAutowireCapableBeanFactory.java:1564)
	... 63 more
09:39:32,800 ERROR main ContextLoader:initWebApplicationContext:331 - Context initialization failed
org.springframework.beans.factory.BeanCreationException: Error creating bean with name 'requestMappingHandlerMapping' defined in class org.springframework.web.servlet.config.annotation.DelegatingWebMvcConfiguration: Invocation of init method failed; nested exception is java.lang.IllegalStateException: Ambiguous mapping found. Cannot map 'restController' bean method 
public ru.portal.entity.User ru.portal.controllers.RestController.findOne()
to {[/findall],methods=[GET],params=[],headers=[],consumes=[],produces=[],custom=[]}: There is already 'restController' bean method
public org.springframework.http.ResponseEntity<java.lang.String> ru.portal.controllers.RestController.findAll() mapped.
	at org.springframework.beans.factory.support.AbstractAutowireCapableBeanFactory.initializeBean(AbstractAutowireCapableBeanFactory.java:1568)
	at org.springframework.beans.factory.support.AbstractAutowireCapableBeanFactory.doCreateBean(AbstractAutowireCapableBeanFactory.java:540)
	at org.springframework.beans.factory.support.AbstractAutowireCapableBeanFactory.createBean(AbstractAutowireCapableBeanFactory.java:476)
	at org.springframework.beans.factory.support.AbstractBeanFactory$1.getObject(AbstractBeanFactory.java:302)
	at org.springframework.beans.factory.support.DefaultSingletonBeanRegistry.getSingleton(DefaultSingletonBeanRegistry.java:229)
	at org.springframework.beans.factory.support.AbstractBeanFactory.doGetBean(AbstractBeanFactory.java:298)
	at org.springframework.beans.factory.support.AbstractBeanFactory.getBean(AbstractBeanFactory.java:193)
	at org.springframework.beans.factory.support.DefaultListableBeanFactory.preInstantiateSingletons(DefaultListableBeanFactory.java:725)
	at org.springframework.context.support.AbstractApplicationContext.finishBeanFactoryInitialization(AbstractApplicationContext.java:757)
	at org.springframework.context.support.AbstractApplicationContext.refresh(AbstractApplicationContext.java:480)
	at org.springframework.web.context.ContextLoader.configureAndRefreshWebApplicationContext(ContextLoader.java:403)
	at org.springframework.web.context.ContextLoader.initWebApplicationContext(ContextLoader.java:306)
	at org.springframework.web.context.ContextLoaderListener.contextInitialized(ContextLoaderListener.java:106)
	at org.eclipse.jetty.server.handler.ContextHandler.callContextInitialized(ContextHandler.java:798)
	at org.eclipse.jetty.servlet.ServletContextHandler.callContextInitialized(ServletContextHandler.java:530)
	at org.eclipse.jetty.server.handler.ContextHandler.startContext(ContextHandler.java:771)
	at org.eclipse.jetty.servlet.ServletContextHandler.startContext(ServletContextHandler.java:342)
	at org.eclipse.jetty.webapp.WebAppContext.startWebapp(WebAppContext.java:1368)
	at org.eclipse.jetty.maven.plugin.JettyWebAppContext.startWebapp(JettyWebAppContext.java:320)
	at org.eclipse.jetty.webapp.WebAppContext.startContext(WebAppContext.java:1335)
	at org.eclipse.jetty.server.handler.ContextHandler.doStart(ContextHandler.java:735)
	at org.eclipse.jetty.servlet.ServletContextHandler.doStart(ServletContextHandler.java:259)
	at org.eclipse.jetty.webapp.WebAppContext.doStart(WebAppContext.java:511)
	at org.eclipse.jetty.maven.plugin.JettyWebAppContext.doStart(JettyWebAppContext.java:403)
	at org.eclipse.jetty.util.component.AbstractLifeCycle.start(AbstractLifeCycle.java:68)
	at org.eclipse.jetty.util.component.ContainerLifeCycle.start(ContainerLifeCycle.java:132)
	at org.eclipse.jetty.util.component.ContainerLifeCycle.doStart(ContainerLifeCycle.java:114)
	at org.eclipse.jetty.server.handler.AbstractHandler.doStart(AbstractHandler.java:61)
	at org.eclipse.jetty.server.handler.ContextHandlerCollection.doStart(ContextHandlerCollection.java:161)
	at org.eclipse.jetty.util.component.AbstractLifeCycle.start(AbstractLifeCycle.java:68)
	at org.eclipse.jetty.util.component.ContainerLifeCycle.start(ContainerLifeCycle.java:132)
	at org.eclipse.jetty.util.component.ContainerLifeCycle.doStart(ContainerLifeCycle.java:114)
	at org.eclipse.jetty.server.handler.AbstractHandler.doStart(AbstractHandler.java:61)
	at org.eclipse.jetty.util.component.AbstractLifeCycle.start(AbstractLifeCycle.java:68)
	at org.eclipse.jetty.util.component.ContainerLifeCycle.start(ContainerLifeCycle.java:132)
	at org.eclipse.jetty.server.Server.start(Server.java:405)
	at org.eclipse.jetty.util.component.ContainerLifeCycle.doStart(ContainerLifeCycle.java:106)
	at org.eclipse.jetty.server.handler.AbstractHandler.doStart(AbstractHandler.java:61)
	at org.eclipse.jetty.server.Server.doStart(Server.java:372)
	at org.eclipse.jetty.util.component.AbstractLifeCycle.start(AbstractLifeCycle.java:68)
	at org.eclipse.jetty.maven.plugin.AbstractJettyMojo.startJetty(AbstractJettyMojo.java:457)
	at org.eclipse.jetty.maven.plugin.AbstractJettyMojo.execute(AbstractJettyMojo.java:328)
	at org.eclipse.jetty.maven.plugin.JettyRunWarExplodedMojo.execute(JettyRunWarExplodedMojo.java:69)
	at org.apache.maven.plugin.DefaultBuildPluginManager.executeMojo(DefaultBuildPluginManager.java:101)
	at org.apache.maven.lifecycle.internal.MojoExecutor.execute(MojoExecutor.java:209)
	at org.apache.maven.lifecycle.internal.MojoExecutor.execute(MojoExecutor.java:153)
	at org.apache.maven.lifecycle.internal.MojoExecutor.execute(MojoExecutor.java:145)
	at org.apache.maven.lifecycle.internal.LifecycleModuleBuilder.buildProject(LifecycleModuleBuilder.java:84)
	at org.apache.maven.lifecycle.internal.LifecycleModuleBuilder.buildProject(LifecycleModuleBuilder.java:59)
	at org.apache.maven.lifecycle.internal.LifecycleStarter.singleThreadedBuild(LifecycleStarter.java:183)
	at org.apache.maven.lifecycle.internal.LifecycleStarter.execute(LifecycleStarter.java:161)
	at org.apache.maven.DefaultMaven.doExecute(DefaultMaven.java:320)
	at org.apache.maven.DefaultMaven.execute(DefaultMaven.java:156)
	at org.apache.maven.cli.MavenCli.execute(MavenCli.java:537)
	at org.apache.maven.cli.MavenCli.doMain(MavenCli.java:196)
	at org.apache.maven.cli.MavenCli.main(MavenCli.java:141)
	at sun.reflect.NativeMethodAccessorImpl.invoke0(Native Method)
	at sun.reflect.NativeMethodAccessorImpl.invoke(NativeMethodAccessorImpl.java:62)
	at sun.reflect.DelegatingMethodAccessorImpl.invoke(DelegatingMethodAccessorImpl.java:43)
	at java.lang.reflect.Method.invoke(Method.java:497)
	at org.codehaus.plexus.classworlds.launcher.Launcher.launchEnhanced(Launcher.java:290)
	at org.codehaus.plexus.classworlds.launcher.Launcher.launch(Launcher.java:230)
	at org.codehaus.plexus.classworlds.launcher.Launcher.mainWithExitCode(Launcher.java:409)
	at org.codehaus.plexus.classworlds.launcher.Launcher.main(Launcher.java:352)
Caused by: java.lang.IllegalStateException: Ambiguous mapping found. Cannot map 'restController' bean method 
public ru.portal.entity.User ru.portal.controllers.RestController.findOne()
to {[/findall],methods=[GET],params=[],headers=[],consumes=[],produces=[],custom=[]}: There is already 'restController' bean method
public org.springframework.http.ResponseEntity<java.lang.String> ru.portal.controllers.RestController.findAll() mapped.
	at org.springframework.web.servlet.handler.AbstractHandlerMethodMapping.registerHandlerMethod(AbstractHandlerMethodMapping.java:215)
	at org.springframework.web.servlet.handler.AbstractHandlerMethodMapping.detectHandlerMethods(AbstractHandlerMethodMapping.java:187)
	at org.springframework.web.servlet.handler.AbstractHandlerMethodMapping.initHandlerMethods(AbstractHandlerMethodMapping.java:147)
	at org.springframework.web.servlet.handler.AbstractHandlerMethodMapping.afterPropertiesSet(AbstractHandlerMethodMapping.java:126)
	at org.springframework.web.servlet.mvc.method.annotation.RequestMappingHandlerMapping.afterPropertiesSet(RequestMappingHandlerMapping.java:126)
	at org.springframework.beans.factory.support.AbstractAutowireCapableBeanFactory.invokeInitMethods(AbstractAutowireCapableBeanFactory.java:1627)
	at org.springframework.beans.factory.support.AbstractAutowireCapableBeanFactory.initializeBean(AbstractAutowireCapableBeanFactory.java:1564)
	... 63 more
09:41:09,885 ERROR main SchemaExport:perform:425 - HHH000389: Unsuccessful: alter table user_roles drop constraint FK_5q4rc4fh1on6567qk69uesvyf
09:41:09,888 ERROR main SchemaExport:perform:426 - user lacks privilege or object not found: PUBLIC.USER_ROLES
09:41:09,889 ERROR main SchemaExport:perform:425 - HHH000389: Unsuccessful: alter table user_roles drop constraint FK_g1uebn6mqk9qiaw45vnacmyo2
09:41:09,889 ERROR main SchemaExport:perform:426 - user lacks privilege or object not found: PUBLIC.USER_ROLES
09:41:10,035  WARN main EntityManagerFactoryRegistry:addEntityManagerFactory:80 - HHH000436: Entity manager factory name (portalPersistanceUnit) is already registered.  If entity manager will be clustered or passivated, specify a unique value for property 'hibernate.ejb.entitymanager_factory_name'
10:02:30,398 ERROR main SchemaExport:perform:425 - HHH000389: Unsuccessful: alter table user_roles drop constraint FK_5q4rc4fh1on6567qk69uesvyf
10:02:30,403 ERROR main SchemaExport:perform:426 - user lacks privilege or object not found: PUBLIC.USER_ROLES
10:02:30,403 ERROR main SchemaExport:perform:425 - HHH000389: Unsuccessful: alter table user_roles drop constraint FK_g1uebn6mqk9qiaw45vnacmyo2
10:02:30,404 ERROR main SchemaExport:perform:426 - user lacks privilege or object not found: PUBLIC.USER_ROLES
10:02:30,604  WARN main EntityManagerFactoryRegistry:addEntityManagerFactory:80 - HHH000436: Entity manager factory name (portalPersistanceUnit) is already registered.  If entity manager will be clustered or passivated, specify a unique value for property 'hibernate.ejb.entitymanager_factory_name'
10:06:27,003 ERROR main SchemaExport:perform:425 - HHH000389: Unsuccessful: alter table user_roles drop constraint FK_5q4rc4fh1on6567qk69uesvyf
10:06:27,009 ERROR main SchemaExport:perform:426 - user lacks privilege or object not found: PUBLIC.USER_ROLES
10:06:27,010 ERROR main SchemaExport:perform:425 - HHH000389: Unsuccessful: alter table user_roles drop constraint FK_g1uebn6mqk9qiaw45vnacmyo2
10:06:27,012 ERROR main SchemaExport:perform:426 - user lacks privilege or object not found: PUBLIC.USER_ROLES
10:06:27,235  WARN main EntityManagerFactoryRegistry:addEntityManagerFactory:80 - HHH000436: Entity manager factory name (portalPersistanceUnit) is already registered.  If entity manager will be clustered or passivated, specify a unique value for property 'hibernate.ejb.entitymanager_factory_name'
10:10:31,869 ERROR main SchemaExport:perform:425 - HHH000389: Unsuccessful: alter table user_roles drop constraint FK_5q4rc4fh1on6567qk69uesvyf
10:10:31,873 ERROR main SchemaExport:perform:426 - user lacks privilege or object not found: PUBLIC.USER_ROLES
10:10:31,874 ERROR main SchemaExport:perform:425 - HHH000389: Unsuccessful: alter table user_roles drop constraint FK_g1uebn6mqk9qiaw45vnacmyo2
10:10:31,874 ERROR main SchemaExport:perform:426 - user lacks privilege or object not found: PUBLIC.USER_ROLES
10:10:32,052  WARN main EntityManagerFactoryRegistry:addEntityManagerFactory:80 - HHH000436: Entity manager factory name (portalPersistanceUnit) is already registered.  If entity manager will be clustered or passivated, specify a unique value for property 'hibernate.ejb.entitymanager_factory_name'
10:11:47,148 ERROR main SchemaExport:perform:425 - HHH000389: Unsuccessful: alter table user_roles drop constraint FK_5q4rc4fh1on6567qk69uesvyf
10:11:47,152 ERROR main SchemaExport:perform:426 - user lacks privilege or object not found: PUBLIC.USER_ROLES
10:11:47,153 ERROR main SchemaExport:perform:425 - HHH000389: Unsuccessful: alter table user_roles drop constraint FK_g1uebn6mqk9qiaw45vnacmyo2
10:11:47,154 ERROR main SchemaExport:perform:426 - user lacks privilege or object not found: PUBLIC.USER_ROLES
10:11:47,366  WARN main EntityManagerFactoryRegistry:addEntityManagerFactory:80 - HHH000436: Entity manager factory name (portalPersistanceUnit) is already registered.  If entity manager will be clustered or passivated, specify a unique value for property 'hibernate.ejb.entitymanager_factory_name'
10:13:34,968 ERROR main SchemaExport:perform:425 - HHH000389: Unsuccessful: alter table user_roles drop constraint FK_5q4rc4fh1on6567qk69uesvyf
10:13:34,971 ERROR main SchemaExport:perform:426 - user lacks privilege or object not found: PUBLIC.USER_ROLES
10:13:34,972 ERROR main SchemaExport:perform:425 - HHH000389: Unsuccessful: alter table user_roles drop constraint FK_g1uebn6mqk9qiaw45vnacmyo2
10:13:34,972 ERROR main SchemaExport:perform:426 - user lacks privilege or object not found: PUBLIC.USER_ROLES
10:13:35,119  WARN main EntityManagerFactoryRegistry:addEntityManagerFactory:80 - HHH000436: Entity manager factory name (portalPersistanceUnit) is already registered.  If entity manager will be clustered or passivated, specify a unique value for property 'hibernate.ejb.entitymanager_factory_name'
10:27:16,177 ERROR main SchemaExport:perform:425 - HHH000389: Unsuccessful: alter table user_roles drop constraint FK_5q4rc4fh1on6567qk69uesvyf
10:27:16,181 ERROR main SchemaExport:perform:426 - user lacks privilege or object not found: PUBLIC.USER_ROLES
10:27:16,182 ERROR main SchemaExport:perform:425 - HHH000389: Unsuccessful: alter table user_roles drop constraint FK_g1uebn6mqk9qiaw45vnacmyo2
10:27:16,182 ERROR main SchemaExport:perform:426 - user lacks privilege or object not found: PUBLIC.USER_ROLES
10:27:16,341  WARN main EntityManagerFactoryRegistry:addEntityManagerFactory:80 - HHH000436: Entity manager factory name (portalPersistanceUnit) is already registered.  If entity manager will be clustered or passivated, specify a unique value for property 'hibernate.ejb.entitymanager_factory_name'
10:33:33,091  WARN main EntityManagerFactoryRegistry:addEntityManagerFactory:80 - HHH000436: Entity manager factory name (portalPersistanceUnit) is already registered.  If entity manager will be clustered or passivated, specify a unique value for property 'hibernate.ejb.entitymanager_factory_name'
10:34:56,173  WARN main EntityManagerFactoryRegistry:addEntityManagerFactory:80 - HHH000436: Entity manager factory name (portalPersistanceUnit) is already registered.  If entity manager will be clustered or passivated, specify a unique value for property 'hibernate.ejb.entitymanager_factory_name'
10:35:54,946  WARN main EntityManagerFactoryRegistry:addEntityManagerFactory:80 - HHH000436: Entity manager factory name (portalPersistanceUnit) is already registered.  If entity manager will be clustered or passivated, specify a unique value for property 'hibernate.ejb.entitymanager_factory_name'
10:38:54,417  WARN main EntityManagerFactoryRegistry:addEntityManagerFactory:80 - HHH000436: Entity manager factory name (portalPersistanceUnit) is already registered.  If entity manager will be clustered or passivated, specify a unique value for property 'hibernate.ejb.entitymanager_factory_name'
10:50:37,947  WARN main EntityManagerFactoryRegistry:addEntityManagerFactory:80 - HHH000436: Entity manager factory name (portalPersistanceUnit) is already registered.  If entity manager will be clustered or passivated, specify a unique value for property 'hibernate.ejb.entitymanager_factory_name'
10:59:59,755  WARN main EntityManagerFactoryRegistry:addEntityManagerFactory:80 - HHH000436: Entity manager factory name (portalPersistanceUnit) is already registered.  If entity manager will be clustered or passivated, specify a unique value for property 'hibernate.ejb.entitymanager_factory_name'
11:08:14,861  WARN main EntityManagerFactoryRegistry:addEntityManagerFactory:80 - HHH000436: Entity manager factory name (portalPersistanceUnit) is already registered.  If entity manager will be clustered or passivated, specify a unique value for property 'hibernate.ejb.entitymanager_factory_name'
11:19:44,170  WARN main EntityManagerFactoryRegistry:addEntityManagerFactory:80 - HHH000436: Entity manager factory name (portalPersistanceUnit) is already registered.  If entity manager will be clustered or passivated, specify a unique value for property 'hibernate.ejb.entitymanager_factory_name'
